14:16:24.930 INFO - Launching a standalone Selenium Server
14:16:24.960 INFO - Java: Oracle Corporation 25.91-b14
14:16:24.961 INFO - OS: Linux 4.2.0-42-generic amd64
14:16:24.972 INFO - v2.53.0, with Core v2.53.0. Built from revision 35ae25b
14:16:25.032 INFO - Driver provider org.openqa.selenium.ie.InternetExplorerDriver registration is skipped:
registration capabilities Capabilities [{ensureCleanSession=true, browserName=internet explorer, version=, platform=WINDOWS}] does not match the current platform LINUX
14:16:25.032 INFO - Driver provider org.openqa.selenium.edge.EdgeDriver registration is skipped:
registration capabilities Capabilities [{browserName=MicrosoftEdge, version=, platform=WINDOWS}] does not match the current platform LINUX
14:16:25.032 INFO - Driver class not found: com.opera.core.systems.OperaDriver
14:16:25.032 INFO - Driver provider com.opera.core.systems.OperaDriver is not registered
14:16:25.033 INFO - Driver provider org.openqa.selenium.safari.SafariDriver registration is skipped:
registration capabilities Capabilities [{browserName=safari, version=, platform=MAC}] does not match the current platform LINUX
14:16:25.034 INFO - Driver class not found: org.openqa.selenium.htmlunit.HtmlUnitDriver
14:16:25.034 INFO - Driver provider org.openqa.selenium.htmlunit.HtmlUnitDriver is not registered
14:16:25.082 INFO - RemoteWebDriver instances should connect to: http://127.0.0.1:4444/wd/hub
14:16:25.082 INFO - Selenium Server is up and running
14:16:25.306 INFO - Executing: [new session: Capabilities [{acceptSslCerts=true, name=Demo Test, browserName=chrome, javascriptEnabled=true, platform=ANY}]])
14:16:25.315 INFO - Creating a new session for Capabilities [{acceptSslCerts=true, name=Demo Test, browserName=chrome, javascriptEnabled=true, platform=ANY}]
Starting ChromeDriver 2.25.426924 (649f9b868f6783ec9de71c123212b908bf3b232e) on port 4975
Only local connections are allowed.
14:16:25.957 INFO - Done: [new session: Capabilities [{acceptSslCerts=true, name=Demo Test, browserName=chrome, javascriptEnabled=true, platform=ANY}]]
14:16:25.973 INFO - Executing: [get: http://www.google.com])
14:16:26.422 INFO - Done: [get: http://www.google.com]
14:16:26.432 INFO - Executing: [find elements: By.cssSelector: body])
14:16:26.485 INFO - Done: [find elements: By.cssSelector: body]
14:16:26.490 INFO - Executing: [is displayed: 0 [[ChromeDriver: chrome on LINUX (a6a04f631b40436c88af9612f401cd71)] -> css selector: body]])
14:16:26.621 INFO - Done: [is displayed: 0 [[ChromeDriver: chrome on LINUX (a6a04f631b40436c88af9612f401cd71)] -> css selector: body]]
14:16:26.635 INFO - Executing: [find element: By.cssSelector: input[type=text]])
14:16:26.736 INFO - Done: [find element: By.cssSelector: input[type=text]]
14:16:26.745 INFO - Executing: [send keys: 1 [[ChromeDriver: chrome on LINUX (a6a04f631b40436c88af9612f401cd71)] -> css selector: input[type=text]], [n, i, g, h, t, w, a, t, c, h]])
14:16:26.879 INFO - Done: [send keys: 1 [[ChromeDriver: chrome on LINUX (a6a04f631b40436c88af9612f401cd71)] -> css selector: input[type=text]], [n, i, g, h, t, w, a, t, c, h]]
14:16:26.886 INFO - Executing: [find elements: By.cssSelector: button[name=btnG]])
14:16:26.933 INFO - Done: [find elements: By.cssSelector: button[name=btnG]]
14:16:26.937 INFO - Executing: [is displayed: 2 [[ChromeDriver: chrome on LINUX (a6a04f631b40436c88af9612f401cd71)] -> css selector: button[name=btnG]]])
14:16:26.958 INFO - Done: [is displayed: 2 [[ChromeDriver: chrome on LINUX (a6a04f631b40436c88af9612f401cd71)] -> css selector: button[name=btnG]]]
14:16:26.962 INFO - Executing: [find element: By.cssSelector: button[name=btnG]])
14:16:26.977 INFO - Done: [find element: By.cssSelector: button[name=btnG]]
14:16:26.980 INFO - Executing: [click: 2 [[ChromeDriver: chrome on LINUX (a6a04f631b40436c88af9612f401cd71)] -> css selector: button[name=btnG]]])
14:16:27.052 INFO - Done: [click: 2 [[ChromeDriver: chrome on LINUX (a6a04f631b40436c88af9612f401cd71)] -> css selector: button[name=btnG]]]
14:16:28.070 INFO - Executing: [find element: By.cssSelector: #main])
14:16:28.276 INFO - Done: [find element: By.cssSelector: #main]
14:16:28.289 INFO - Executing: [get text: 3 [[ChromeDriver: chrome on LINUX (a6a04f631b40436c88af9612f401cd71)] -> css selector: #main]])
14:16:28.751 INFO - Done: [get text: 3 [[ChromeDriver: chrome on LINUX (a6a04f631b40436c88af9612f401cd71)] -> css selector: #main]]
14:16:28.761 INFO - Executing: [delete session: b974c2b1-5617-4141-97c5-82d97b1ab79c])
14:16:28.833 INFO - Done: [delete session: b974c2b1-5617-4141-97c5-82d97b1ab79c]
14:16:28.861 INFO - Executing: [new session: Capabilities [{acceptSslCerts=true, name=Test, browserName=chrome, javascriptEnabled=true, platform=ANY}]])
14:16:28.862 INFO - Creating a new session for Capabilities [{acceptSslCerts=true, name=Test, browserName=chrome, javascriptEnabled=true, platform=ANY}]
Starting ChromeDriver 2.25.426924 (649f9b868f6783ec9de71c123212b908bf3b232e) on port 22548
Only local connections are allowed.
14:16:29.323 INFO - Done: [new session: Capabilities [{acceptSslCerts=true, name=Test, browserName=chrome, javascriptEnabled=true, platform=ANY}]]
14:16:29.328 INFO - Executing: [get: https://saucelabs.com/test/guinea-pig])
14:16:30.044 INFO - Done: [get: https://saucelabs.com/test/guinea-pig]
14:16:30.049 INFO - Executing: [find elements: By.cssSelector: body])
14:16:30.083 INFO - Done: [find elements: By.cssSelector: body]
14:16:30.091 INFO - Executing: [is displayed: 0 [[ChromeDriver: chrome on LINUX (9bb5b74e5087706356fbd2c52a12c34d)] -> css selector: body]])
14:16:30.103 INFO - Done: [is displayed: 0 [[ChromeDriver: chrome on LINUX (9bb5b74e5087706356fbd2c52a12c34d)] -> css selector: body]]
14:16:30.107 INFO - Executing: [get title])
14:16:30.113 INFO - Done: [get title]
14:16:30.120 INFO - Executing: [take screenshot])
14:16:30.434 INFO - Done: [take screenshot]
14:16:30.481 INFO - Executing: [delete session: 6b0b66c5-e693-4dc5-9eba-676080e9b53d])
14:16:30.554 INFO - Done: [delete session: 6b0b66c5-e693-4dc5-9eba-676080e9b53d]
